\BOOKMARK [-1][-]{part.1}{I Descrizione del contesto}{}% 1
\BOOKMARK [0][-]{chapter.1}{Introduzione}{part.1}% 2
\BOOKMARK [1][-]{section.1.1}{3D4Amb}{chapter.1}% 3
\BOOKMARK [1][-]{section.1.2}{Obiettivo}{chapter.1}% 4
\BOOKMARK [0][-]{chapter.2}{L'Ambliopia}{part.1}% 5
\BOOKMARK [1][-]{section.2.1}{Il disturbo}{chapter.2}% 6
\BOOKMARK [1][-]{section.2.2}{Trattamenti}{chapter.2}% 7
\BOOKMARK [2][-]{subsection.2.2.1}{Occlusione}{section.2.2}% 8
\BOOKMARK [2][-]{subsection.2.2.2}{Penalizzazione ottica}{section.2.2}% 9
\BOOKMARK [2][-]{subsection.2.2.3}{Penalizzazione farmacologica}{section.2.2}% 10
\BOOKMARK [2][-]{subsection.2.2.4}{Settorizzazione}{section.2.2}% 11
\BOOKMARK [1][-]{section.2.3}{L'idea di 3D4Amb}{chapter.2}% 12
\BOOKMARK [0][-]{chapter.3}{La tecnologia per il trattamento}{part.1}% 13
\BOOKMARK [1][-]{section.3.1}{Sistema operativo ed ambiente di sviluppo:}{chapter.3}% 14
\BOOKMARK [2][-]{subsection.3.1.1}{Perch\350 Android:}{section.3.1}% 15
\BOOKMARK [2][-]{subsection.3.1.2}{Perch\350 Android Studio:}{section.3.1}% 16
\BOOKMARK [1][-]{section.3.2}{Google cardboard}{chapter.3}% 17
\BOOKMARK [-1][-]{part.2}{II Panoramica sull'applicazione}{}% 18
\BOOKMARK [0][-]{chapter.4}{Car Racing Cardboard: l'applicazione}{part.2}% 19
\BOOKMARK [1][-]{section.4.1}{Il principio del trattamento tramite il gioco:}{chapter.4}% 20
\BOOKMARK [1][-]{section.4.2}{Il gioco:}{chapter.4}% 21
\BOOKMARK [2][-]{subsection.4.2.1}{Obiettivo:}{section.4.2}% 22
\BOOKMARK [2][-]{subsection.4.2.2}{Doppia Viewport:}{section.4.2}% 23
\BOOKMARK [1][-]{section.4.3}{Guida all'utilizzo:}{chapter.4}% 24
\BOOKMARK [-1][-]{part.3}{III Implementazione}{}% 25
\BOOKMARK [0][-]{chapter.5}{Il software}{part.3}% 26
\BOOKMARK [1][-]{section.5.1}{Architettura di sistema}{chapter.5}% 27
\BOOKMARK [1][-]{section.5.2}{Scenari e casi d'uso}{chapter.5}% 28
\BOOKMARK [2][-]{subsection.5.2.1}{Sign Up:}{section.5.2}% 29
\BOOKMARK [2][-]{subsection.5.2.2}{Log In utente comune:}{section.5.2}% 30
\BOOKMARK [2][-]{subsection.5.2.3}{Log In medico:}{section.5.2}% 31
\BOOKMARK [2][-]{subsection.5.2.4}{Update Info:}{section.5.2}% 32
\BOOKMARK [1][-]{section.5.3}{Package Diagram}{chapter.5}% 33
\BOOKMARK [1][-]{section.5.4}{Component diagram}{chapter.5}% 34
\BOOKMARK [2][-]{subsection.5.4.1}{Il sistema di Car Racing Cardboard}{section.5.4}% 35
\BOOKMARK [2][-]{subsection.5.4.2}{L'applicazione Android}{section.5.4}% 36
\BOOKMARK [2][-]{subsection.5.4.3}{Il server}{section.5.4}% 37
\BOOKMARK [2][-]{subsection.5.4.4}{Dettaglio applicazione}{section.5.4}% 38
\BOOKMARK [1][-]{section.5.5}{Class diagram}{chapter.5}% 39
\BOOKMARK [1][-]{section.5.6}{Sequence diagram}{chapter.5}% 40
\BOOKMARK [2][-]{subsection.5.6.1}{Funziononamento con log in}{section.5.6}% 41
\BOOKMARK [2][-]{subsection.5.6.2}{Funziononamento senza log in}{section.5.6}% 42
\BOOKMARK [2][-]{subsection.5.6.3}{Funziononamento sign up}{section.5.6}% 43
\BOOKMARK [0][-]{chapter.6}{Analisi degli Algoritmi}{part.3}% 44
\BOOKMARK [1][-]{section.6.1}{Penalizzazione progressiva delle immagini}{chapter.6}% 45
\BOOKMARK [1][-]{section.6.2}{Generazione random scena}{chapter.6}% 46
\BOOKMARK [2][-]{subsection.6.2.1}{Nemici}{section.6.2}% 47
\BOOKMARK [2][-]{subsection.6.2.2}{Panorama}{section.6.2}% 48
\BOOKMARK [1][-]{section.6.3}{Cifratura password}{chapter.6}% 49
\BOOKMARK [1][-]{section.6.4}{Servizio web}{chapter.6}% 50
\BOOKMARK [1][-]{section.6.5}{Gestione dello scontro con il nemico}{chapter.6}% 51
\BOOKMARK [1][-]{section.6.6}{Thread}{chapter.6}% 52
\BOOKMARK [1][-]{section.6.7}{Asynctask}{chapter.6}% 53
\BOOKMARK [0][-]{chapter.7}{Tool utilizzati}{part.3}% 54
\BOOKMARK [1][-]{section.7.1}{GitHub}{chapter.7}% 55
\BOOKMARK [1][-]{section.7.2}{Crashlitics}{chapter.7}% 56
\BOOKMARK [-1][-]{part.4}{IV Valutazioni finali}{}% 57
\BOOKMARK [0][-]{chapter.8}{Social media}{part.4}% 58
\BOOKMARK [0][-]{chapter.9}{Conclusioni}{part.4}% 59
\BOOKMARK [1][-]{section.9.1}{Paper}{chapter.9}% 60
\BOOKMARK [1][-]{section.9.2}{Sviluppi futuri}{chapter.9}% 61
