This is pdfTeX, Version 3.1415926-2.5-1.40.14 (MiKTeX 2.9) (preloaded format=pdflatex 2015.5.28)  15 JUL 2015 22:05
entering extended mode
**tesi.tex
(C:\Users\matteo\Documents\GitHub\CardboardApp\tesi\tesi.tex
LaTeX2e <2011/06/27>
Babel <v3.8m> and hyphenation patterns for english, afrikaans, ancientgreek, ar
abic, armenian, assamese, basque, bengali, bokmal, bulgarian, catalan, coptic, 
croatian, czech, danish, dutch, esperanto, estonian, farsi, finnish, french, ga
lician, german, german-x-2013-05-26, greek, gujarati, hindi, hungarian, iceland
ic, indonesian, interlingua, irish, italian, kannada, kurmanji, latin, latvian,
 lithuanian, malayalam, marathi, mongolian, mongolianlmc, monogreek, ngerman, n
german-x-2013-05-26, nynorsk, oriya, panjabi, pinyin, polish, portuguese, roman
ian, russian, sanskrit, serbian, slovak, slovenian, spanish, swedish, swissgerm
an, tamil, telugu, turkish, turkmen, ukenglish, ukrainian, uppersorbian, usengl
ishmax, welsh, loaded.
("C:\Program Files (x86)\MiKTeX 2.9\tex\latex\base\book.cls"
Document Class: book 2007/10/19 v1.4h Standard LaTeX document class
("C:\Program Files (x86)\MiKTeX 2.9\tex\latex\base\bk12.clo"
File: bk12.clo 2007/10/19 v1.4h Standard LaTeX file (size option)
)
\c@part=\count79
\c@chapter=\count80
\c@section=\count81
\c@subsection=\count82
\c@subsubsection=\count83
\c@paragraph=\count84
\c@subparagraph=\count85
\c@figure=\count86
\c@table=\count87
\abovecaptionskip=\skip41
\belowcaptionskip=\skip42
\bibindent=\dimen102
)
("C:\Program Files (x86)\MiKTeX 2.9\tex\latex\psnfss\times.sty"
Package: times 2005/04/12 PSNFSS-v9.2a (SPQR) 
)
("C:\Program Files (x86)\MiKTeX 2.9\tex\latex\base\inputenc.sty"
Package: inputenc 2008/03/30 v1.1d Input encoding file
\inpenc@prehook=\toks14
\inpenc@posthook=\toks15

("C:\Program Files (x86)\MiKTeX 2.9\tex\latex\base\latin1.def"
File: latin1.def 2008/03/30 v1.1d Input encoding file
))
("C:\Program Files (x86)\MiKTeX 2.9\tex\generic\babel\babel.sty"
Package: babel 2008/07/08 v3.8m The Babel package

*************************************
* Local config file bblopts.cfg used
*
("C:\Program Files (x86)\MiKTeX 2.9\tex\latex\00miktex\bblopts.cfg"
File: bblopts.cfg 2006/07/31 v1.0 MiKTeX 'babel' configuration
)
("C:\Program Files (x86)\MiKTeX 2.9\tex\generic\babel\italian.ldf"
Language: italian 2008/03/14 v1.2t Italian support from the babel system

("C:\Program Files (x86)\MiKTeX 2.9\tex\generic\babel\babel.def"
File: babel.def 2008/07/08 v3.8m Babel common definitions
\babel@savecnt=\count88
\U@D=\dimen103
)
Package babel Info: Making " an active character on input line 94.
))
("C:\Program Files (x86)\MiKTeX 2.9\tex\latex\amsmath\amsmath.sty"
Package: amsmath 2013/01/14 v2.14 AMS math features
\@mathmargin=\skip43

For additional information on amsmath, use the `?' option.
("C:\Program Files (x86)\MiKTeX 2.9\tex\latex\amsmath\amstext.sty"
Package: amstext 2000/06/29 v2.01

("C:\Program Files (x86)\MiKTeX 2.9\tex\latex\amsmath\amsgen.sty"
File: amsgen.sty 1999/11/30 v2.0
\@emptytoks=\toks16
\ex@=\dimen104
))
("C:\Program Files (x86)\MiKTeX 2.9\tex\latex\amsmath\amsbsy.sty"
Package: amsbsy 1999/11/29 v1.2d
\pmbraise@=\dimen105
)
("C:\Program Files (x86)\MiKTeX 2.9\tex\latex\amsmath\amsopn.sty"
Package: amsopn 1999/12/14 v2.01 operator names
)
\inf@bad=\count89
LaTeX Info: Redefining \frac on input line 210.
\uproot@=\count90
\leftroot@=\count91
LaTeX Info: Redefining \overline on input line 306.
\classnum@=\count92
\DOTSCASE@=\count93
LaTeX Info: Redefining \ldots on input line 378.
LaTeX Info: Redefining \dots on input line 381.
LaTeX Info: Redefining \cdots on input line 466.
\Mathstrutbox@=\box26
\strutbox@=\box27
\big@size=\dimen106
LaTeX Font Info:    Redeclaring font encoding OML on input line 566.
LaTeX Font Info:    Redeclaring font encoding OMS on input line 567.
\macc@depth=\count94
\c@MaxMatrixCols=\count95
\dotsspace@=\muskip10
\c@parentequation=\count96
\dspbrk@lvl=\count97
\tag@help=\toks17
\row@=\count98
\column@=\count99
\maxfields@=\count100
\andhelp@=\toks18
\eqnshift@=\dimen107
\alignsep@=\dimen108
\tagshift@=\dimen109
\tagwidth@=\dimen110
\totwidth@=\dimen111
\lineht@=\dimen112
\@envbody=\toks19
\multlinegap=\skip44
\multlinetaggap=\skip45
\mathdisplay@stack=\toks20
LaTeX Info: Redefining \[ on input line 2665.
LaTeX Info: Redefining \] on input line 2666.
)
("C:\Program Files (x86)\MiKTeX 2.9\tex\latex\amsfonts\amsfonts.sty"
Package: amsfonts 2013/01/14 v3.01 Basic AMSFonts support
\symAMSa=\mathgroup4
\symAMSb=\mathgroup5
LaTeX Font Info:    Overwriting math alphabet `\mathfrak' in version `bold'
(Font)                  U/euf/m/n --> U/euf/b/n on input line 106.
)
("C:\Program Files (x86)\MiKTeX 2.9\tex\latex\amsfonts\amssymb.sty"
Package: amssymb 2013/01/14 v3.01 AMS font symbols
)
("C:\Program Files (x86)\MiKTeX 2.9\tex\latex\graphics\graphicx.sty"
Package: graphicx 1999/02/16 v1.0f Enhanced LaTeX Graphics (DPC,SPQR)

("C:\Program Files (x86)\MiKTeX 2.9\tex\latex\graphics\keyval.sty"
Package: keyval 1999/03/16 v1.13 key=value parser (DPC)
\KV@toks@=\toks21
)
("C:\Program Files (x86)\MiKTeX 2.9\tex\latex\graphics\graphics.sty"
Package: graphics 2009/02/05 v1.0o Standard LaTeX Graphics (DPC,SPQR)

("C:\Program Files (x86)\MiKTeX 2.9\tex\latex\graphics\trig.sty"
Package: trig 1999/03/16 v1.09 sin cos tan (DPC)
)
("C:\Program Files (x86)\MiKTeX 2.9\tex\latex\00miktex\graphics.cfg"
File: graphics.cfg 2007/01/18 v1.5 graphics configuration of teTeX/TeXLive
)
Package graphics Info: Driver file: pdftex.def on input line 91.

("C:\Program Files (x86)\MiKTeX 2.9\tex\latex\pdftex-def\pdftex.def"
File: pdftex.def 2011/05/27 v0.06d Graphics/color for pdfTeX

("C:\Program Files (x86)\MiKTeX 2.9\tex\generic\oberdiek\infwarerr.sty"
Package: infwarerr 2010/04/08 v1.3 Providing info/warning/error messages (HO)
)
("C:\Program Files (x86)\MiKTeX 2.9\tex\generic\oberdiek\ltxcmds.sty"
Package: ltxcmds 2011/11/09 v1.22 LaTeX kernel commands for general use (HO)
)
\Gread@gobject=\count101
))
\Gin@req@height=\dimen113
\Gin@req@width=\dimen114
)
("C:\Program Files (x86)\MiKTeX 2.9\tex\latex\setspace\setspace.sty"
Package: setspace 2011/12/19 v6.7a set line spacing
)
("C:\Program Files (x86)\MiKTeX 2.9\tex\latex\fancyhdr\fancyhdr.sty"
\fancy@headwidth=\skip46
\f@ncyO@elh=\skip47
\f@ncyO@erh=\skip48
\f@ncyO@olh=\skip49
\f@ncyO@orh=\skip50
\f@ncyO@elf=\skip51
\f@ncyO@erf=\skip52
\f@ncyO@olf=\skip53
\f@ncyO@orf=\skip54
)
("C:\Program Files (x86)\MiKTeX 2.9\tex\latex\emptypage\emptypage.sty"
Package: emptypage 2010/05/30 v1.2 Suppress page numbers and headings on empty 
pages
)
(C:\Users\matteo\Documents\GitHub\CardboardApp\tesi\tesi.aux

LaTeX Warning: Label `AS' multiply defined.

)
LaTeX Font Info:    Checking defaults for OML/cmm/m/it on input line 36.
LaTeX Font Info:    ... okay on input line 36.
LaTeX Font Info:    Checking defaults for T1/cmr/m/n on input line 36.
LaTeX Font Info:    ... okay on input line 36.
LaTeX Font Info:    Checking defaults for OT1/cmr/m/n on input line 36.
LaTeX Font Info:    ... okay on input line 36.
LaTeX Font Info:    Checking defaults for OMS/cmsy/m/n on input line 36.
LaTeX Font Info:    ... okay on input line 36.
LaTeX Font Info:    Checking defaults for OMX/cmex/m/n on input line 36.
LaTeX Font Info:    ... okay on input line 36.
LaTeX Font Info:    Checking defaults for U/cmr/m/n on input line 36.
LaTeX Font Info:    ... okay on input line 36.
LaTeX Font Info:    Checking defaults for LGR/cmr/m/n on input line 36.
LaTeX Font Info:    Try loading font information for LGR+cmr on input line 36.
 ("C:\Program Files (x86)\MiKTeX 2.9\tex\latex\cbfonts-fd\lgrcmr.fd"
File: lgrcmr.fd 2013/09/01 v1.0 Greek European Computer Regular
)
LaTeX Font Info:    ... okay on input line 36.
LaTeX Font Info:    Try loading font information for OT1+ptm on input line 36.

("C:\Program Files (x86)\MiKTeX 2.9\tex\latex\psnfss\ot1ptm.fd"
File: ot1ptm.fd 2001/06/04 font definitions for OT1/ptm.
)
("C:\Program Files (x86)\MiKTeX 2.9\tex\context\base\supp-pdf.mkii"
[Loading MPS to PDF converter (version 2006.09.02).]
\scratchcounter=\count102
\scratchdimen=\dimen115
\scratchbox=\box28
\nofMPsegments=\count103
\nofMParguments=\count104
\everyMPshowfont=\toks22
\MPscratchCnt=\count105
\MPscratchDim=\dimen116
\MPnumerator=\count106
\makeMPintoPDFobject=\count107
\everyMPtoPDFconversion=\toks23
)
LaTeX Font Info:    Font shape `OT1/ptm/bx/n' in size <24.88> not available
(Font)              Font shape `OT1/ptm/b/n' tried instead on input line 38.
 (C:\Users\matteo\Documents\GitHub\CardboardApp\tesi\tesi.toc
LaTeX Font Info:    Font shape `OT1/ptm/bx/n' in size <12> not available
(Font)              Font shape `OT1/ptm/b/n' tried instead on input line 2.
LaTeX Font Info:    Try loading font information for U+msa on input line 4.

("C:\Program Files (x86)\MiKTeX 2.9\tex\latex\amsfonts\umsa.fd"
File: umsa.fd 2013/01/14 v3.01 AMS symbols A
)
LaTeX Font Info:    Try loading font information for U+msb on input line 4.

("C:\Program Files (x86)\MiKTeX 2.9\tex\latex\amsfonts\umsb.fd"
File: umsb.fd 2013/01/14 v3.01 AMS symbols B
))
\tf@toc=\write3
 [1


{C:/ProgramData/MiKTeX/2.9/pdftex/config/pdftex.map}] [2]
Capitolo 1.
<immagini/logo3D4Amb.jpg, id=10, 497.86pt x 111.41624pt>
File: immagini/logo3D4Amb.jpg Graphic file (type jpg)

<use immagini/logo3D4Amb.jpg>
Package pdftex.def Info: immagini/logo3D4Amb.jpg used on input line 54.
(pdftex.def)             Requested size: 227.62204pt x 50.94098pt.
 [3

 <C:/Users/matteo/Documents/GitHub/CardboardApp/tesi/immagini/logo3D4Amb.jpg>] 
[4

]
Capitolo 2.
LaTeX Font Info:    Font shape `OT1/ptm/bx/n' in size <17.28> not available
(Font)              Font shape `OT1/ptm/b/n' tried instead on input line 65.

Underfull \vbox (badness 2057) has occurred while \output is active []

 [5]
LaTeX Font Info:    Font shape `OT1/ptm/bx/n' in size <14.4> not available
(Font)              Font shape `OT1/ptm/b/n' tried instead on input line 77.

Underfull \vbox (badness 1701) has occurred while \output is active []

 [6]
[7] <immagini/3D4Amb_sys.png, id=27, 708.6475pt x 873.2625pt>
File: immagini/3D4Amb_sys.png Graphic file (type png)

<use immagini/3D4Amb_sys.png>
Package pdftex.def Info: immagini/3D4Amb_sys.png used on input line 98.
(pdftex.def)             Requested size: 390.0pt x 480.60233pt.
 [8] [9 <C:/Users/matteo/Documents/GitHub/CardboardApp/tesi/immagini/3D4Amb_sys
.png>] [10

]
Capitolo 3.
<immagini/Google-Cardboard.jpg, id=39, 1284.8pt x 707.64375pt>
File: immagini/Google-Cardboard.jpg Graphic file (type jpg)

<use immagini/Google-Cardboard.jpg>
Package pdftex.def Info: immagini/Google-Cardboard.jpg used on input line 112.
(pdftex.def)             Requested size: 390.0pt x 214.79984pt.

Underfull \hbox (badness 10000) in paragraph at lines 116--122
\OT1/ptm/m/n/12 mag-gior par-te del-le ap-pli-ca-zio-ni so-no re-pe-ri-bi-li gr
a-tui-ta-men-te.
 []

[11 <C:/Users/matteo/Documents/GitHub/CardboardApp/tesi/immagini/Google-Cardboa
rd.jpg>] [12]
Capitolo 4.
LaTeX Font Info:    Try loading font information for OMS+ptm on input line 132.

("C:\Program Files (x86)\MiKTeX 2.9\tex\latex\psnfss\omsptm.fd"
File: omsptm.fd 
)
LaTeX Font Info:    Font shape `OMS/ptm/m/n' in size <12> not available
(Font)              Font shape `OMS/cmsy/m/n' tried instead on input line 132.

<immagini/child_cardboard.png, id=46, 586.19pt x 511.9125pt>
File: immagini/child_cardboard.png Graphic file (type png)

<use immagini/child_cardboard.png>
Package pdftex.def Info: immagini/child_cardboard.png used on input line 140.
(pdftex.def)             Requested size: 390.0pt x 340.58157pt.
 [13

] [14 <C:/Users/matteo/Documents/GitHub/CardboardApp/tesi/immagini/child_cardbo
ard.png>]
Capitolo 5.
[15

] [16]
Overfull \hbox (12.6543pt too wide) in paragraph at lines 169--170
\OT1/ptm/m/n/12 mo stru-men-to di an-te-pri-ma in gra-do di mo-stra-re l'a-spet
-to fi-na-le dell?interfaccia
 []

<immagini/android-logo.png, id=62, 1606.0pt x 1606.0pt>
File: immagini/android-logo.png Graphic file (type png)

<use immagini/android-logo.png>
Package pdftex.def Info: immagini/android-logo.png used on input line 174.
(pdftex.def)             Requested size: 175.48428pt x 177.59175pt.

<immagini/game.png, id=63, 1927.2pt x 1084.05pt>
File: immagini/game.png Graphic file (type png)
 <use immagini/game.png>
Package pdftex.def Info: immagini/game.png used on input line 185.
(pdftex.def)             Requested size: 390.0pt x 219.37006pt.

[17 <C:/Users/matteo/Documents/GitHub/CardboardApp/tesi/immagini/android-logo.p
ng>] <immagini/chooselazyeye_left.png, id=68, 1927.2pt x 1084.05pt>
File: immagini/chooselazyeye_left.png Graphic file (type png)

<use immagini/chooselazyeye_left.png>
Package pdftex.def Info: immagini/chooselazyeye_left.png used on input line 193
.
(pdftex.def)             Requested size: 390.0pt x 219.37006pt.
 [18 <C:/Users/matteo/Documents/GitHub/CardboardApp/tesi/immagini/game.png>] [1
9 <C:/Users/matteo/Documents/GitHub/CardboardApp/tesi/immagini/chooselazyeye_le
ft.png>] [20

]
Capitolo 6.
<immagini/architettura_di_sistema.jpg, id=79, 599.23875pt x 230.36063pt>
File: immagini/architettura_di_sistema.jpg Graphic file (type jpg)

<use immagini/architettura_di_sistema.jpg>
Package pdftex.def Info: immagini/architettura_di_sistema.jpg used on input lin
e 214.
(pdftex.def)             Requested size: 369.88582pt x 142.19643pt.
 [21 <C:/Users/matteo/Documents/GitHub/CardboardApp/tesi/immagini/architettura_
di_sistema.jpg>]
Underfull \hbox (badness 10000) in paragraph at lines 221--222

 []

<immagini/package_diagram.jpg, id=83, 606.76688pt x 434.37282pt>
File: immagini/package_diagram.jpg Graphic file (type jpg)

<use immagini/package_diagram.jpg>
Package pdftex.def Info: immagini/package_diagram.jpg used on input line 232.
(pdftex.def)             Requested size: 369.88582pt x 264.7947pt.

Underfull \vbox (badness 1776) has occurred while \output is active []

 [22]
[23 <C:/Users/matteo/Documents/GitHub/CardboardApp/tesi/immagini/package_diagra
m.jpg>] [24

]
Capitolo 7.
[25] [26

]
Capitolo 8.
<immagini/sito2.png, id=100, 1015.54407pt x 484.05844pt>
File: immagini/sito2.png Graphic file (type png)

<use immagini/sito2.png>
Package pdftex.def Info: immagini/sito2.png used on input line 253.
(pdftex.def)             Requested size: 390.0pt x 185.89404pt.
 [27] [28 <C:/Users/matteo/Documents/GitHub/CardboardApp/tesi/immagini/sito2.pn
g>]
Capitolo 9.
<immagini/certifications.png, id=108, 356.0803pt x 60.225pt>
File: immagini/certifications.png Graphic file (type png)

<use immagini/certifications.png>
Package pdftex.def Info: immagini/certifications.png used on input line 275.
(pdftex.def)             Requested size: 390.0pt x 65.96465pt.

Overfull \hbox (4.45995pt too wide) in paragraph at lines 272--279
 \OT1/ptm/b/n/12 Cer-ti-fi-ca-zio-ne con-te-nu-ti:[] \OT1/ptm/m/n/12 L'ap-pli-c
a-zio-ne ha ri-ce-vu-to del-le cer-ti-fi-ca-zio-ni da Goo-
 []

[29

 <C:/Users/matteo/Documents/GitHub/CardboardApp/tesi/immagini/certifications.pn
g>] (C:\Users\matteo\Documents\GitHub\CardboardApp\tesi\tesi.bbl [30])
[31

] (C:\Users\matteo\Documents\GitHub\CardboardApp\tesi\tesi.aux)

LaTeX Warning: There were multiply-defined labels.

 ) 
Here is how much of TeX's memory you used:
 2829 strings out of 493921
 37869 string characters out of 3144873
 94177 words of memory out of 3000000
 6057 multiletter control sequences out of 15000+200000
 24349 words of font info for 59 fonts, out of 3000000 for 9000
 841 hyphenation exceptions out of 8191
 27i,10n,43p,1259b,312s stack positions out of 5000i,500n,10000p,200000b,50000s
{C:/Program Files (x86)/MiKTeX 2.9/fonts/enc/dvips/fontname/8r.enc}<C:/Progra
m Files (x86)/MiKTeX 2.9/fonts/type1/public/amsfonts/cm/cmsy10.pfb><C:/Program 
Files (x86)/MiKTeX 2.9/fonts/type1/urw/times/utmb8a.pfb><C:/Program Files (x86)
/MiKTeX 2.9/fonts/type1/urw/times/utmr8a.pfb>
Output written on tesi.pdf (31 pages, 3473695 bytes).
PDF statistics:
 132 PDF objects out of 1000 (max. 8388607)
 0 named destinations out of 1000 (max. 500000)
 56 words of extra memory for PDF output out of 10000 (max. 10000000)

